<?xml version="1.0" encoding="UTF-8"?>
<!-- Generated by org.testng.reporters.JUnitXMLReporter -->
<testsuite ignored="1" hostname="LAPTOP-KFF43P82" failures="0" tests="1" name="Test" time="0.064" errors="0" timestamp="2023-03-31T12:34:25 IST">
  <testcase classname="vtiger.GenericUtility.BaseClass" name="@BeforeMethod bmConfig" time="0.032">
    <failure type="java.lang.NullPointerException" message="Cannot invoke &amp;quot;org.openqa.selenium.SearchContext.findElement(org.openqa.selenium.By)&amp;quot; because &amp;quot;this.searchContext&amp;quot; is null">
      <![CDATA[java.lang.NullPointerException: Cannot invoke "org.openqa.selenium.SearchContext.findElement(org.openqa.selenium.By)" because "this.searchContext" is null
at org.openqa.selenium.support.pagefactory.DefaultElementLocator.findElement(DefaultElementLocator.java:70)
at org.openqa.selenium.support.pagefactory.internal.LocatingElementHandler.invoke(LocatingElementHandler.java:39)
at jdk.proxy2/jdk.proxy2.$Proxy16.sendKeys(Unknown Source)
at vtiger.ObjectRepository.LoginPage.loginToApp(LoginPage.java:43)
at vtiger.GenericUtility.BaseClass.bmConfig(BaseClass.java:67)
at java.base/java.util.ArrayList.forEach(ArrayList.java:1511)
... Removed 29 stack frames]]>
    </failure>
  </testcase> <!-- @BeforeMethod bmConfig -->
  <testcase classname="vtiger.GenericUtility.BaseClass" name="@AfterMethod afConfig" time="-1.680246265083E9">
    <skipped/>
  </testcase> <!-- @AfterMethod afConfig -->
  <testcase classname="vtiger.Organization.Tests.CreateOrganizationTest" name="createOrganizationTest" time="0.0">
    <skipped/>
  </testcase> <!-- createOrganizationTest -->
  <testcase classname="vtiger.Organization.Tests.CreateOrganizationTest" name="DemooTest" time="0.0">
    <ignored/>
  </testcase> <!-- DemooTest -->
</testsuite> <!-- Test -->
