<?xml version="1.0" encoding="UTF-8"?>
<testng-results ignored="0" total="1" passed="1" failed="0" skipped="0">
  <reporter-output>
  </reporter-output>
  <suite started-at="2023-04-21T15:28:41 IST" name="Default suite" finished-at="2023-04-21T15:28:41 IST" duration-ms="386">
    <groups>
    </groups>
    <test started-at="2023-04-21T15:28:41 IST" name="Default test" finished-at="2023-04-21T15:28:41 IST" duration-ms="386">
      <class name="vtiger.practice.SimpleEXecuteQuery">
        <test-method signature="Sample()[pri:0, instance:vtiger.practice.SimpleEXecuteQuery@1ea9f6af]" started-at="2023-04-21T15:28:41 IST" name="Sample" finished-at="2023-04-21T15:28:41 IST" duration-ms="356" status="PASS">
          <reporter-output>
          </reporter-output>
        </test-method> <!-- Sample -->
      </class> <!-- vtiger.practice.SimpleEXecuteQuery -->
    </test> <!-- Default test -->
  </suite> <!-- Default suite -->
</testng-results>
